Added Component: Designator=HB1(HDR1X4)
Add component. Clean all parameters for all variants
Add component (AddParameter): Name = "LatestRevisionDate"; Value = "17-Jul-2002"; VariantName = "[No Variations]"
Add component (AddParameter): Name = "LatestRevisionNote"; Value = "Re-released for DXP Platform."; VariantName = "[No Variations]"
Add component (AddParameter): Name = "Publisher"; Value = "Altium Limited"; VariantName = "[No Variations]"
Added Component: Designator=HB2(HDR1X4)
Add component. Clean all parameters for all variants
Add component (AddParameter): Name = "LatestRevisionDate"; Value = "17-Jul-2002"; VariantName = "[No Variations]"
Add component (AddParameter): Name = "LatestRevisionNote"; Value = "Re-released for DXP Platform."; VariantName = "[No Variations]"
Add component (AddParameter): Name = "Publisher"; Value = "Altium Limited"; VariantName = "[No Variations]"
Added Pin To Net: NetName=VCC_3.3V Pin=HB1-1
Added Pin To Net: NetName=GND Pin=HB1-2
Added Pin To Net: NetName=PB9 Pin=HB1-3
Added Pin To Net: NetName=PB8 Pin=HB1-4
Added Pin To Net: NetName=VCC_3.3V Pin=HB2-1
Added Pin To Net: NetName=GND Pin=HB2-2
Added Pin To Net: NetName=PB9 Pin=HB2-3
Added Pin To Net: NetName=PB8 Pin=HB2-4
Added Member To Class: ClassName=Window_shades Member=Component HB1 Header 4
Added Member To Class: ClassName=Window_shades Member=Component HB2 Header 4
Added Room: Name=Window_shades
